<?xml version="1.0" encoding="UTF-8"?>
<!-- Generated by org.testng.reporters.JUnitReportReporter -->
<testsuite hostname="Amits-MacBook-Air.local" failures="0" tests="3" name="com.pitch40.test.InvestorSignUpTest" time="79.233" errors="0" timestamp="01 Nov 2023 08:42:34 GMT" skipped="0">
  <testcase classname="com.pitch40.test.InvestorSignUpTest" name="InvestorSignUpNameCheck" time="10.649"/>
  <testcase classname="com.pitch40.test.InvestorSignUpTest" name="InvestorSignUpEmailIDCheck" time="8.071"/>
  <testcase classname="com.pitch40.test.InvestorSignUpTest" name="InvestorOnboarding" time="60.513"/>
</testsuite> <!-- com.pitch40.test.InvestorSignUpTest -->
