<?xml version="1.0" encoding="UTF-8"?>
<!-- Generated by org.testng.reporters.JUnitReportReporter -->
<testsuite hostname="Amits-MacBook-Air.local" failures="0" tests="2" name="com.pitch40.test.InvestorBrowseTest" time="40.911" errors="0" timestamp="15 Dec 2023 08:27:00 GMT" skipped="0">
  <testcase classname="com.pitch40.test.InvestorBrowseTest" name="InvesterLogin" time="21.709"/>
  <testcase classname="com.pitch40.test.InvestorBrowseTest" name="InvestorBrowse" time="19.202"/>
</testsuite> <!-- com.pitch40.test.InvestorBrowseTest -->
