<?xml version="1.0" encoding="UTF-8"?>
<!-- Generated by org.testng.reporters.JUnitReportReporter -->
<testsuite hostname="Amits-MacBook-Air.local" failures="0" tests="1" name="com.pitch40.test.WelcomeTest" time="9.821" errors="0" timestamp="03 Oct 2023 10:09:08 GMT" skipped="0">
  <testcase classname="com.pitch40.test.WelcomeTest" name="WelcomePage" time="9.821"/>
</testsuite> <!-- com.pitch40.test.WelcomeTest -->
